  [1m[36m (0.1ms)[0m  [1mSHOW search_path[0m
  [1m[35m (279.9ms)[0m  CREATE TABLE "schema_migrations" ("version" character varying(255) NOT NULL) 
  [1m[36m (118.2ms)[0m  [1m SELECT distinct i.relname, d.indisunique, d.indkey, t.oid
 FROM pg_class t
 INNER JOIN pg_index d ON t.oid = d.indrelid
 INNER JOIN pg_class i ON d.indexrelid = i.oid
 WHERE i.relkind = 'i'
 AND d.indisprimary = 'f'
 AND t.relname = 'schema_migrations'
 AND i.relnamespace IN (SELECT oid FROM pg_namespace WHERE nspname = ANY (current_schemas(false)) )
 ORDER BY i.relname
[0m
  [1m[35m (63.5ms)[0m  CREATE UNIQUE INDEX "unique_schema_migrations" ON "schema_migrations" ("version")
  [1m[36m (7.7ms)[0m  [1mSELECT "schema_migrations"."version" FROM "schema_migrations" [0m
  [1m[36m (0.1ms)[0m  [1mSHOW search_path[0m
  [1m[35m (0.5ms)[0m  SELECT "schema_migrations"."version" FROM "schema_migrations" 
Migrating to CreateUsers (20111119202434)
  [1m[36m (0.1ms)[0m  [1mBEGIN[0m
  [1m[35m (184.6ms)[0m  CREATE TABLE "users" ("id" serial primary key, "username" character varying(255), "password" character varying(255), "oauth_access_token" character varying(255), "oauth_access_secret" character varying(255), "goodreads_id" character varying(255), "created_at" timestamp, "updated_at" timestamp) 
  [1m[36m (19.8ms)[0m  [1mINSERT INTO "schema_migrations" ("version") VALUES ('20111119202434')[0m
  [1m[35m (26.0ms)[0m  COMMIT
  [1m[36m (0.1ms)[0m  [1mSHOW search_path[0m
  [1m[35m (0.6ms)[0m  SELECT "schema_migrations"."version" FROM "schema_migrations" 
  [1m[36m (3.0ms)[0m  [1m SELECT distinct i.relname, d.indisunique, d.indkey, t.oid
 FROM pg_class t
 INNER JOIN pg_index d ON t.oid = d.indrelid
 INNER JOIN pg_class i ON d.indexrelid = i.oid
 WHERE i.relkind = 'i'
 AND d.indisprimary = 'f'
 AND t.relname = 'users'
 AND i.relnamespace IN (SELECT oid FROM pg_namespace WHERE nspname = ANY (current_schemas(false)) )
 ORDER BY i.relname
[0m
